<?xml version="1.0" encoding="UTF-8"?>
<!-- Generated by org.testng.reporters.JUnitXMLReporter -->
<testsuite hostname="Bijans-MacBook-Pro.local" ignored="0" name="Default test" tests="20" failures="0" timestamp="09 Mar 2017 18:09:53 GMT" time="110.076" errors="0">
  <testcase name="Login" time="39.88" classname="testCases.Validate_FinancialAssessmentFields"/>
  <testcase name="NavigateToFinancialAssessmentPage" time="30.462" classname="testCases.Validate_FinancialAssessmentFields"/>
  <testcase name="Test_ForexTradingExperience" time="3.518" classname="testCases.Validate_FinancialAssessmentFields"/>
  <testcase name="Test_ForexTradingFrequency" time="1.409" classname="testCases.Validate_FinancialAssessmentFields"/>
  <testcase name="Test_IndicesTradingExperience" time="1.293" classname="testCases.Validate_FinancialAssessmentFields"/>
  <testcase name="Test_IndicesTradingFrequency" time="1.212" classname="testCases.Validate_FinancialAssessmentFields"/>
  <testcase name="Test_CommoditiesTradingExperience" time="1.21" classname="testCases.Validate_FinancialAssessmentFields"/>
  <testcase name="Test_CommoditiesTradingFrequency" time="1.177" classname="testCases.Validate_FinancialAssessmentFields"/>
  <testcase name="Test_StocksTradingExperience" time="1.212" classname="testCases.Validate_FinancialAssessmentFields"/>
  <testcase name="Test_StocksTradingFrequency" time="1.234" classname="testCases.Validate_FinancialAssessmentFields"/>
  <testcase name="Test_OtherTradingExperience" time="1.206" classname="testCases.Validate_FinancialAssessmentFields"/>
  <testcase name="Test_OtherTradingFrequency" time="1.223" classname="testCases.Validate_FinancialAssessmentFields"/>
  <testcase name="Test_OtherDerivatiesTradingExperience" time="1.3" classname="testCases.Validate_FinancialAssessmentFields"/>
  <testcase name="Test_OtherDerivatiesTradingFrequency" time="1.18" classname="testCases.Validate_FinancialAssessmentFields"/>
  <testcase name="Test_IndustryEmployment" time="1.146" classname="testCases.Validate_FinancialAssessmentFields"/>
  <testcase name="Test_Occupation" time="1.245" classname="testCases.Validate_FinancialAssessmentFields"/>
  <testcase name="Test_Education" time="1.18" classname="testCases.Validate_FinancialAssessmentFields"/>
  <testcase name="Test_IncomeSource" time="1.015" classname="testCases.Validate_FinancialAssessmentFields"/>
  <testcase name="Test_AnnualIncome" time="1.607" classname="testCases.Validate_FinancialAssessmentFields"/>
  <testcase name="Test_NetWorth" time="1.198" classname="testCases.Validate_FinancialAssessmentFields"/>
</testsuite> <!-- Default test -->
