<?xml version="1.0" encoding="UTF-8"?>
<!-- Generated by org.testng.reporters.JUnitXMLReporter -->
<testsuite hostname="Bijans-MacBook-Pro.local" ignored="0" name="LoginWithIncorrectPassword" tests="2" failures="0" timestamp="09 Mar 2017 17:45:42 GMT" time="19.489" errors="0">
  <testcase name="A_Login_IncorrectPassword" time="13.946" classname="testCases.Validate_LoginWithIncorrectPassword"/>
  <testcase name="B_Validate_Message" time="0.199" classname="testCases.Validate_LoginWithIncorrectPassword"/>
</testsuite> <!-- LoginWithIncorrectPassword -->
