<?xml version="1.0" encoding="UTF-8"?>
<testng-results skipped="0" failed="0" ignored="0" total="3" passed="3">
  <reporter-output>
  </reporter-output>
  <suite name="Default suite" duration-ms="31554" started-at="2017-03-10T14:21:31Z" finished-at="2017-03-10T14:22:02Z">
    <groups>
    </groups>
    <test name="Default test" duration-ms="31554" started-at="2017-03-10T14:21:31Z" finished-at="2017-03-10T14:22:02Z">
      <class name="testCases.Validate_LoginAndLogout">
        <test-method status="PASS" signature="setUp()[pri:0, instance:testCases.Validate_LoginAndLogout@5649fd9b]" name="setUp" is-config="true" duration-ms="11107" started-at="2017-03-10T19:51:31Z" finished-at="2017-03-10T19:51:42Z">
          <reporter-output>
          </reporter-output>
        </test-method> <!-- setUp -->
        <test-method status="PASS" signature="A_Launch()[pri:0, instance:testCases.Validate_LoginAndLogout@5649fd9b]" name="A_Launch" duration-ms="248" started-at="2017-03-10T19:51:42Z" finished-at="2017-03-10T19:51:42Z">
          <reporter-output>
          </reporter-output>
        </test-method> <!-- A_Launch -->
        <test-method status="PASS" signature="B_Login()[pri:0, instance:testCases.Validate_LoginAndLogout@5649fd9b]" name="B_Login" duration-ms="14842" started-at="2017-03-10T19:51:42Z" finished-at="2017-03-10T19:51:57Z">
          <reporter-output>
          </reporter-output>
        </test-method> <!-- B_Login -->
        <test-method status="PASS" signature="C_Logout()[pri:0, instance:testCases.Validate_LoginAndLogout@5649fd9b]" name="C_Logout" duration-ms="5114" started-at="2017-03-10T19:51:57Z" finished-at="2017-03-10T19:52:02Z">
          <reporter-output>
          </reporter-output>
        </test-method> <!-- C_Logout -->
        <test-method status="PASS" signature="endSession()[pri:0, instance:testCases.Validate_LoginAndLogout@5649fd9b]" name="endSession" is-config="true" duration-ms="217" started-at="2017-03-10T19:52:02Z" finished-at="2017-03-10T19:52:02Z">
          <reporter-output>
          </reporter-output>
        </test-method> <!-- endSession -->
      </class> <!-- testCases.Validate_LoginAndLogout -->
    </test> <!-- Default test -->
  </suite> <!-- Default suite -->
</testng-results>
